<?xml version="1.0" encoding="UTF-8"?>
<testsuite xmlns:xsi="http://www.w3.org/2001/XMLSchema-instance" xsi:noNamespaceSchemaLocation="https://maven.apache.org/surefire/maven-surefire-plugin/xsd/surefire-test-report.xsd" name="org.example.AppTest" time="0.245" tests="1" errors="0" skipped="0" failures="0">
  <properties>
    <property name="sun.desktop" value="gnome"/>
    <property name="awt.toolkit" value="sun.awt.X11.XToolkit"/>
    <property name="java.specification.version" value="11"/>
    <property name="sun.cpu.isalist" value=""/>
    <property name="sun.jnu.encoding" value="UTF-8"/>
    <property name="java.class.path" value="/home/bulat/IdeaProjects/RESTValidator/target/test-classes:/home/bulat/IdeaProjects/RESTValidator/target/classes:/home/bulat/.m2/repository/com/konghq/unirest-java/3.1.00/unirest-java-3.1.00.jar:/home/bulat/.m2/repository/org/apache/httpcomponents/httpclient/4.5.9/httpclient-4.5.9.jar:/home/bulat/.m2/repository/org/apache/httpcomponents/httpcore/4.4.11/httpcore-4.4.11.jar:/home/bulat/.m2/repository/commons-logging/commons-logging/1.2/commons-logging-1.2.jar:/home/bulat/.m2/repository/commons-codec/commons-codec/1.11/commons-codec-1.11.jar:/home/bulat/.m2/repository/org/apache/httpcomponents/httpmime/4.5.9/httpmime-4.5.9.jar:/home/bulat/.m2/repository/org/apache/httpcomponents/httpasyncclient/4.1.4/httpasyncclient-4.1.4.jar:/home/bulat/.m2/repository/org/apache/httpcomponents/httpcore-nio/4.4.10/httpcore-nio-4.4.10.jar:/home/bulat/.m2/repository/com/google/code/gson/gson/2.8.5/gson-2.8.5.jar:/home/bulat/.m2/repository/com/squareup/retrofit2/retrofit/2.3.0/retrofit-2.3.0.jar:/home/bulat/.m2/repository/com/squareup/okhttp3/okhttp/3.8.0/okhttp-3.8.0.jar:/home/bulat/.m2/repository/com/squareup/okio/okio/1.13.0/okio-1.13.0.jar:/home/bulat/.m2/repository/com/squareup/retrofit2/converter-gson/2.3.0/converter-gson-2.3.0.jar:/home/bulat/.m2/repository/junit/junit/4.11/junit-4.11.jar:/home/bulat/.m2/repository/org/hamcrest/hamcrest-core/1.3/hamcrest-core-1.3.jar:/home/bulat/.m2/repository/org/testng/testng/6.5.1/testng-6.5.1.jar:/home/bulat/.m2/repository/org/beanshell/bsh/2.0b4/bsh-2.0b4.jar:/home/bulat/.m2/repository/com/beust/jcommander/1.12/jcommander-1.12.jar:/home/bulat/.m2/repository/org/yaml/snakeyaml/1.6/snakeyaml-1.6.jar:"/>
    <property name="java.vm.vendor" value="Oracle Corporation"/>
    <property name="sun.arch.data.model" value="64"/>
    <property name="java.vendor.url" value="http://java.oracle.com/"/>
    <property name="user.timezone" value=""/>
    <property name="java.vm.specification.version" value="11"/>
    <property name="os.name" value="Linux"/>
    <property name="sun.java.launcher" value="SUN_STANDARD"/>
    <property name="user.country" value="US"/>
    <property name="sun.boot.library.path" value="/usr/lib/jvm/jdk-11.0.2/lib"/>
    <property name="sun.java.command" value="/home/bulat/IdeaProjects/RESTValidator/target/surefire/surefirebooter1046160419384630560.jar /home/bulat/IdeaProjects/RESTValidator/target/surefire 2019-10-02T17-43-49_266-jvmRun1 surefire3764199737735863542tmp surefire_06516218099397694235tmp"/>
    <property name="jdk.debug" value="release"/>
    <property name="surefire.test.class.path" value="/home/bulat/IdeaProjects/RESTValidator/target/test-classes:/home/bulat/IdeaProjects/RESTValidator/target/classes:/home/bulat/.m2/repository/com/konghq/unirest-java/3.1.00/unirest-java-3.1.00.jar:/home/bulat/.m2/repository/org/apache/httpcomponents/httpclient/4.5.9/httpclient-4.5.9.jar:/home/bulat/.m2/repository/org/apache/httpcomponents/httpcore/4.4.11/httpcore-4.4.11.jar:/home/bulat/.m2/repository/commons-logging/commons-logging/1.2/commons-logging-1.2.jar:/home/bulat/.m2/repository/commons-codec/commons-codec/1.11/commons-codec-1.11.jar:/home/bulat/.m2/repository/org/apache/httpcomponents/httpmime/4.5.9/httpmime-4.5.9.jar:/home/bulat/.m2/repository/org/apache/httpcomponents/httpasyncclient/4.1.4/httpasyncclient-4.1.4.jar:/home/bulat/.m2/repository/org/apache/httpcomponents/httpcore-nio/4.4.10/httpcore-nio-4.4.10.jar:/home/bulat/.m2/repository/com/google/code/gson/gson/2.8.5/gson-2.8.5.jar:/home/bulat/.m2/repository/com/squareup/retrofit2/retrofit/2.3.0/retrofit-2.3.0.jar:/home/bulat/.m2/repository/com/squareup/okhttp3/okhttp/3.8.0/okhttp-3.8.0.jar:/home/bulat/.m2/repository/com/squareup/okio/okio/1.13.0/okio-1.13.0.jar:/home/bulat/.m2/repository/com/squareup/retrofit2/converter-gson/2.3.0/converter-gson-2.3.0.jar:/home/bulat/.m2/repository/junit/junit/4.11/junit-4.11.jar:/home/bulat/.m2/repository/org/hamcrest/hamcrest-core/1.3/hamcrest-core-1.3.jar:/home/bulat/.m2/repository/org/testng/testng/6.5.1/testng-6.5.1.jar:/home/bulat/.m2/repository/org/beanshell/bsh/2.0b4/bsh-2.0b4.jar:/home/bulat/.m2/repository/com/beust/jcommander/1.12/jcommander-1.12.jar:/home/bulat/.m2/repository/org/yaml/snakeyaml/1.6/snakeyaml-1.6.jar:"/>
    <property name="sun.cpu.endian" value="little"/>
    <property name="user.home" value="/home/bulat"/>
    <property name="user.language" value="en"/>
    <property name="java.specification.vendor" value="Oracle Corporation"/>
    <property name="java.version.date" value="2019-01-15"/>
    <property name="java.home" value="/usr/lib/jvm/jdk-11.0.2"/>
    <property name="file.separator" value="/"/>
    <property name="basedir" value="/home/bulat/IdeaProjects/RESTValidator"/>
    <property name="java.vm.compressedOopsMode" value="32-bit"/>
    <property name="line.separator" value="&#10;"/>
    <property name="java.specification.name" value="Java Platform API Specification"/>
    <property name="java.vm.specification.vendor" value="Oracle Corporation"/>
    <property name="java.awt.graphicsenv" value="sun.awt.X11GraphicsEnvironment"/>
    <property name="surefire.real.class.path" value="/home/bulat/IdeaProjects/RESTValidator/target/surefire/surefirebooter1046160419384630560.jar"/>
    <property name="sun.management.compiler" value="HotSpot 64-Bit Tiered Compilers"/>
    <property name="java.runtime.version" value="11.0.2+9-LTS"/>
    <property name="user.name" value="bulat"/>
    <property name="path.separator" value=":"/>
    <property name="os.version" value="4.15.0-64-generic"/>
    <property name="java.runtime.name" value="Java(TM) SE Runtime Environment"/>
    <property name="file.encoding" value="UTF-8"/>
    <property name="java.vm.name" value="Java HotSpot(TM) 64-Bit Server VM"/>
    <property name="java.vendor.version" value="18.9"/>
    <property name="localRepository" value="/home/bulat/.m2/repository"/>
    <property name="java.vendor.url.bug" value="http://bugreport.java.com/bugreport/"/>
    <property name="java.io.tmpdir" value="/tmp"/>
    <property name="java.version" value="11.0.2"/>
    <property name="user.dir" value="/home/bulat/IdeaProjects/RESTValidator"/>
    <property name="os.arch" value="amd64"/>
    <property name="java.vm.specification.name" value="Java Virtual Machine Specification"/>
    <property name="java.awt.printerjob" value="sun.print.PSPrinterJob"/>
    <property name="sun.os.patch.level" value="unknown"/>
    <property name="java.library.path" value="/usr/java/packages/lib:/usr/lib64:/lib64:/lib:/usr/lib"/>
    <property name="java.vendor" value="Oracle Corporation"/>
    <property name="java.vm.info" value="mixed mode"/>
    <property name="java.vm.version" value="11.0.2+9-LTS"/>
    <property name="idea.version2019.3" value="true"/>
    <property name="sun.io.unicode.encoding" value="UnicodeLittle"/>
    <property name="java.class.version" value="55.0"/>
  </properties>
  <testcase name="shouldAnswerWithTrue on shouldAnswerWithTrue(org.example.AppTest)" classname="org.example.AppTest" time="0.006"/>
</testsuite>