<?xml version="1.0" encoding="UTF-8"?>
<!-- Generated by org.testng.reporters.JUnitReportReporter -->
<testsuite hostname="wrt" failures="0" tests="1" name="org.example.AppTest" time="0.013" errors="0" timestamp="2 Oct 2019 10:03:19 GMT">
  <testcase classname="org.example.AppTest" name="shouldAnswerWithTrue" time="0.013"/>
</testsuite> <!-- org.example.AppTest -->
