<?xml version="1.0" encoding="UTF-8"?>
<!-- Generated by org.testng.reporters.JUnitReportReporter -->
<testsuite hostname="DESKTOP-H10S15L" name="org.example.AppTest" tests="1" failures="0" timestamp="2 Oct 2019 15:35:46 GMT" time="0.002" errors="0">
  <testcase name="shouldAnswerWithTrue" time="0.002" classname="org.example.AppTest"/>
</testsuite> <!-- org.example.AppTest -->
